<?xml version="1.0" encoding="UTF-8"?>
<!-- Generated by org.testng.reporters.JUnitXMLReporter -->
<testsuite ignored="0" hostname="BADBOY" failures="0" tests="4" name="Default test" time="45.485" errors="0" timestamp="2023-08-03T00:06:20 IST">
  <testcase classname="com.LoginAndRegistrationTest" name="Launch" time="2.766"/>
  <testcase classname="com.LoginAndRegistrationTest" name="testValidLogin" time="4.065"/>
  <testcase classname="com.LoginAndRegistrationTest" name="testValidRegistration" time="15.478"/>
  <testcase classname="com.LoginAndRegistrationTest" name="testNewAadharCardApplication" time="10.345"/>
</testsuite> <!-- Default test -->
