<?xml version="1.0" encoding="UTF-8"?>
<!-- Generated by org.testng.reporters.JUnitXMLReporter -->
<testsuite ignored="0" hostname="BADBOY" failures="0" tests="3" name="Default test" time="79.047" errors="0" timestamp="2023-08-03T15:04:57 IST">
  <testcase classname="com.LoginAndRegistrationTest" name="Launch" time="3.867"/>
  <testcase classname="com.LoginAndRegistrationTest" name="testValidLogin" time="9.319"/>
  <testcase classname="com.LoginAndRegistrationTest" name="testValidRegistration" time="10.482"/>
</testsuite> <!-- Default test -->
