<?xml version="1.0" encoding="UTF-8"?>
<testng-results ignored="0" total="4" passed="4" failed="0" skipped="0">
  <reporter-output>
  </reporter-output>
  <suite started-at="2023-08-03T00:05:35 IST" name="Default suite" finished-at="2023-08-03T00:06:20 IST" duration-ms="45485">
    <groups>
    </groups>
    <test started-at="2023-08-03T00:05:35 IST" name="Default test" finished-at="2023-08-03T00:06:20 IST" duration-ms="45485">
      <class name="com.LoginAndRegistrationTest">
        <test-method is-config="true" signature="setUp()[pri:0, instance:com.LoginAndRegistrationTest@74235045]" started-at="2023-08-03T00:05:35 IST" name="setUp" finished-at="2023-08-03T00:05:38 IST" duration-ms="3482" status="PASS">
          <reporter-output>
          </reporter-output>
        </test-method> <!-- setUp -->
        <test-method is-config="true" signature="setUp()[pri:0, instance:com.LoginAndRegistrationTest@74235045]" started-at="2023-08-03T00:05:38 IST" name="setUp" finished-at="2023-08-03T00:05:40 IST" duration-ms="1770" status="PASS">
          <reporter-output>
          </reporter-output>
        </test-method> <!-- setUp -->
        <test-method signature="Launch()[pri:1, instance:com.LoginAndRegistrationTest@74235045]" started-at="2023-08-03T00:05:40 IST" name="Launch" finished-at="2023-08-03T00:05:43 IST" duration-ms="2766" status="PASS">
          <reporter-output>
          </reporter-output>
        </test-method> <!-- Launch -->
        <test-method is-config="true" signature="tearDown()[pri:0, instance:com.LoginAndRegistrationTest@74235045]" started-at="2023-08-03T00:05:43 IST" name="tearDown" finished-at="2023-08-03T00:05:43 IST" duration-ms="287" status="PASS">
          <reporter-output>
          </reporter-output>
        </test-method> <!-- tearDown -->
        <test-method is-config="true" signature="setUp()[pri:0, instance:com.LoginAndRegistrationTest@74235045]" started-at="2023-08-03T00:05:43 IST" name="setUp" finished-at="2023-08-03T00:05:45 IST" duration-ms="2397" status="PASS">
          <reporter-output>
          </reporter-output>
        </test-method> <!-- setUp -->
        <test-method signature="testValidLogin()[pri:2, instance:com.LoginAndRegistrationTest@74235045]" started-at="2023-08-03T00:05:45 IST" name="testValidLogin" finished-at="2023-08-03T00:05:50 IST" duration-ms="4065" status="PASS">
          <reporter-output>
          </reporter-output>
        </test-method> <!-- testValidLogin -->
        <test-method is-config="true" signature="tearDown()[pri:0, instance:com.LoginAndRegistrationTest@74235045]" started-at="2023-08-03T00:05:50 IST" name="tearDown" finished-at="2023-08-03T00:05:50 IST" duration-ms="281" status="PASS">
          <reporter-output>
          </reporter-output>
        </test-method> <!-- tearDown -->
        <test-method is-config="true" signature="setUp()[pri:0, instance:com.LoginAndRegistrationTest@74235045]" started-at="2023-08-03T00:05:50 IST" name="setUp" finished-at="2023-08-03T00:05:52 IST" duration-ms="1857" status="PASS">
          <reporter-output>
          </reporter-output>
        </test-method> <!-- setUp -->
        <test-method signature="testValidRegistration()[pri:3, instance:com.LoginAndRegistrationTest@74235045]" started-at="2023-08-03T00:05:52 IST" name="testValidRegistration" finished-at="2023-08-03T00:06:07 IST" duration-ms="15478" status="PASS">
          <reporter-output>
          </reporter-output>
        </test-method> <!-- testValidRegistration -->
        <test-method is-config="true" signature="tearDown()[pri:0, instance:com.LoginAndRegistrationTest@74235045]" started-at="2023-08-03T00:06:07 IST" name="tearDown" finished-at="2023-08-03T00:06:08 IST" duration-ms="435" status="PASS">
          <reporter-output>
          </reporter-output>
        </test-method> <!-- tearDown -->
        <test-method is-config="true" signature="setUp()[pri:0, instance:com.LoginAndRegistrationTest@74235045]" started-at="2023-08-03T00:06:08 IST" name="setUp" finished-at="2023-08-03T00:06:09 IST" duration-ms="1863" status="PASS">
          <reporter-output>
          </reporter-output>
        </test-method> <!-- setUp -->
        <test-method signature="testNewAadharCardApplication()[pri:4, instance:com.LoginAndRegistrationTest@74235045]" started-at="2023-08-03T00:06:09 IST" name="testNewAadharCardApplication" finished-at="2023-08-03T00:06:20 IST" duration-ms="10345" status="PASS">
          <reporter-output>
          </reporter-output>
        </test-method> <!-- testNewAadharCardApplication -->
        <test-method is-config="true" signature="tearDown()[pri:0, instance:com.LoginAndRegistrationTest@74235045]" started-at="2023-08-03T00:06:20 IST" name="tearDown" finished-at="2023-08-03T00:06:20 IST" duration-ms="378" status="PASS">
          <reporter-output>
          </reporter-output>
        </test-method> <!-- tearDown -->
        <test-method is-config="true" signature="tearDown()[pri:0, instance:com.LoginAndRegistrationTest@74235045]" started-at="2023-08-03T00:06:20 IST" name="tearDown" finished-at="2023-08-03T00:06:20 IST" duration-ms="2" status="PASS">
          <reporter-output>
          </reporter-output>
        </test-method> <!-- tearDown -->
      </class> <!-- com.LoginAndRegistrationTest -->
    </test> <!-- Default test -->
  </suite> <!-- Default suite -->
</testng-results>
