<?xml version="1.0" encoding="UTF-8"?>
<testsuite xmlns:xsi="http://www.w3.org/2001/XMLSchema-instance" xsi:noNamespaceSchemaLocation="https://maven.apache.org/surefire/maven-surefire-plugin/xsd/surefire-test-report-3.0.xsd" version="3.0" name="com.aadhar.Aadhar.AadharApplicationTests" time="21.465" tests="1" errors="0" skipped="0" failures="0">
  <properties>
[...]
</properties>
  <testcase name="contextLoads" classname="com.aadhar.Aadhar.AadharApplicationTests" time="4.172">
    <system-out><![CDATA[16:42:47.379 [main] INFO org.springframework.test.context.support.AnnotationConfigContextLoaderUtils -- Could not detect default configuration classes for test class [com.aadhar.Aadhar.AadharApplicationTests]: AadharApplicationTests does not declare any static, non-private, non-final, nested classes annotated with @Configuration.
16:42:47.786 [main] INFO org.springframework.boot.test.context.SpringBootTestContextBootstrapper -- Found @SpringBootConfiguration com.aadhar.Aadhar.AadharApplication for test class com.aadhar.Aadhar.AadharApplicationTests

  .   ____          _            __ _ _
 /\\ / ___'_ __ _ _(_)_ __  __ _ \ \ \ \
( ( )\___ | '_ | '_| | '_ \/ _` | \ \ \ \
 \\/  ___)| |_)| | | | | || (_| |  ) ) ) )
  '  |____| .__|_| |_|_| |_\__, | / / / /
 =========|_|==============|___/=/_/_/_/
 :: Spring Boot ::                (v3.1.1)

2023-08-03T16:42:49.454+05:30  INFO 24204 --- [           main] c.aadhar.Aadhar.AadharApplicationTests   : Starting AadharApplicationTests using Java 20.0.2 with PID 24204 (started by dasar in C:\Users\dasar\Downloads\Aadhar\Aadhar)
2023-08-03T16:42:49.457+05:30  INFO 24204 --- [           main] c.aadhar.Aadhar.AadharApplicationTests   : No active profile set, falling back to 1 default profile: "default"
2023-08-03T16:42:51.556+05:30  INFO 24204 --- [           main] .s.d.r.c.RepositoryConfigurationDelegate : Bootstrapping Spring Data JPA repositories in DEFAULT mode.
2023-08-03T16:42:51.733+05:30  INFO 24204 --- [           main] .s.d.r.c.RepositoryConfigurationDelegate : Finished Spring Data repository scanning in 155 ms. Found 2 JPA repository interfaces.
2023-08-03T16:42:53.068+05:30  INFO 24204 --- [           main] com.zaxxer.hikari.HikariDataSource       : HikariPool-1 - Starting...
2023-08-03T16:42:55.721+05:30  INFO 24204 --- [           main] com.zaxxer.hikari.pool.HikariPool        : HikariPool-1 - Added connection com.mysql.cj.jdbc.ConnectionImpl@5b251fb9
2023-08-03T16:42:55.730+05:30  INFO 24204 --- [           main] com.zaxxer.hikari.HikariDataSource       : HikariPool-1 - Start completed.
2023-08-03T16:42:55.928+05:30  INFO 24204 --- [           main] o.hibernate.jpa.internal.util.LogHelper  : HHH000204: Processing PersistenceUnitInfo [name: default]
2023-08-03T16:42:56.234+05:30  INFO 24204 --- [           main] org.hibernate.Version                    : HHH000412: Hibernate ORM core version 6.2.5.Final
2023-08-03T16:42:56.244+05:30  INFO 24204 --- [           main] org.hibernate.cfg.Environment            : HHH000406: Using bytecode reflection optimizer
2023-08-03T16:42:56.895+05:30  INFO 24204 --- [           main] o.h.b.i.BytecodeProviderInitiator        : HHH000021: Bytecode provider name : bytebuddy
2023-08-03T16:42:57.374+05:30  INFO 24204 --- [           main] o.s.o.j.p.SpringPersistenceUnitInfo      : No LoadTimeWeaver setup: ignoring JPA class transformer
2023-08-03T16:42:58.537+05:30  INFO 24204 --- [           main] o.h.b.i.BytecodeProviderInitiator        : HHH000021: Bytecode provider name : bytebuddy
2023-08-03T16:43:00.457+05:30  INFO 24204 --- [           main] o.h.e.t.j.p.i.JtaPlatformInitiator       : HHH000490: Using JtaPlatform implementation: [org.hibernate.engine.transaction.jta.platform.internal.NoJtaPlatform]
2023-08-03T16:43:00.466+05:30  INFO 24204 --- [           main] j.LocalContainerEntityManagerFactoryBean : Initialized JPA EntityManagerFactory for persistence unit 'default'
2023-08-03T16:43:02.840+05:30  WARN 24204 --- [           main] JpaBaseConfiguration$JpaWebConfiguration : spring.jpa.open-in-view is enabled by default. Therefore, database queries may be performed during view rendering. Explicitly configure spring.jpa.open-in-view to disable this warning
2023-08-03T16:43:03.875+05:30  INFO 24204 --- [           main] c.aadhar.Aadhar.AadharApplicationTests   : Started AadharApplicationTests in 15.476 seconds (process running for 24.187)
]]></system-out>
  </testcase>
</testsuite>